[INFO] Scanning for projects...
[INFO] 
[INFO] ---------------------< com.dipanjan:deltatrading >----------------------
[INFO] Building deltatrading 0.0.1-SNAPSHOT
[INFO]   from pom.xml
[INFO] --------------------------------[ jar ]---------------------------------
[INFO] 
[INFO] >>> spring-boot:3.5.9:run (default-cli) > test-compile @ deltatrading >>>
[INFO] 
[INFO] --- resources:3.3.1:resources (default-resources) @ deltatrading ---
[INFO] Copying 1 resource from src\main\resources to target\classes
[INFO] Copying 0 resource from src\main\resources to target\classes
[INFO] 
[INFO] --- compiler:3.14.1:compile (default-compile) @ deltatrading ---
[INFO] Nothing to compile - all classes are up to date.
[INFO] 
[INFO] --- resources:3.3.1:testResources (default-testResources) @ deltatrading ---
[INFO] skip non existing resourceDirectory D:\deltatrading\src\test\resources
[INFO] 
[INFO] --- compiler:3.14.1:testCompile (default-testCompile) @ deltatrading ---
[INFO] Nothing to compile - all classes are up to date.
[INFO] 
[INFO] <<< spring-boot:3.5.9:run (default-cli) < test-compile @ deltatrading <<<
[INFO] 
[INFO] 
[INFO] --- spring-boot:3.5.9:run (default-cli) @ deltatrading ---
[INFO] Attaching agents: []

  .   ____          _            __ _ _
 /\\ / ___'_ __ _ _(_)_ __  __ _ \ \ \ \
( ( )\___ | '_ | '_| | '_ \/ _` | \ \ \ \
 \\/  ___)| |_)| | | | | || (_| |  ) ) ) )
  '  |____| .__|_| |_|_| |_\__, | / / / /
 =========|_|==============|___/=/_/_/_/

 :: Spring Boot ::                (v3.5.9)

2026-01-20T17:03:51.478+05:30  INFO 9552 --- [deltatrading] [           main] c.d.d.DeltatradingApplication            : Starting DeltatradingApplication using Java 17.0.12 with PID 9552 (D:\deltatrading\target\classes started by dipan in D:\deltatrading)
2026-01-20T17:03:51.481+05:30  INFO 9552 --- [deltatrading] [           main] c.d.d.DeltatradingApplication            : No active profile set, falling back to 1 default profile: "default"
2026-01-20T17:03:52.443+05:30  INFO 9552 --- [deltatrading] [           main] .s.d.r.c.RepositoryConfigurationDelegate : Bootstrapping Spring Data JPA repositories in DEFAULT mode.
2026-01-20T17:03:52.525+05:30  INFO 9552 --- [deltatrading] [           main] .s.d.r.c.RepositoryConfigurationDelegate : Finished Spring Data repository scanning in 69 ms. Found 8 JPA repository interfaces.
2026-01-20T17:03:53.406+05:30  INFO 9552 --- [deltatrading] [           main] o.s.b.w.embedded.tomcat.TomcatWebServer  : Tomcat initialized with port 8081 (http)
2026-01-20T17:03:53.425+05:30  INFO 9552 --- [deltatrading] [           main] o.apache.catalina.core.StandardService   : Starting service [Tomcat]
2026-01-20T17:03:53.427+05:30  INFO 9552 --- [deltatrading] [           main] o.apache.catalina.core.StandardEngine    : Starting Servlet engine: [Apache Tomcat/10.1.50]
2026-01-20T17:03:53.515+05:30  INFO 9552 --- [deltatrading] [           main] o.a.c.c.C.[Tomcat].[localhost].[/]       : Initializing Spring embedded WebApplicationContext
2026-01-20T17:03:53.516+05:30  INFO 9552 --- [deltatrading] [           main] w.s.c.ServletWebServerApplicationContext : Root WebApplicationContext: initialization completed in 1956 ms
2026-01-20T17:03:53.830+05:30  INFO 9552 --- [deltatrading] [           main] o.hibernate.jpa.internal.util.LogHelper  : HHH000204: Processing PersistenceUnitInfo [name: default]
2026-01-20T17:03:53.923+05:30  INFO 9552 --- [deltatrading] [           main] org.hibernate.Version                    : HHH000412: Hibernate ORM core version 6.6.39.Final
2026-01-20T17:03:53.970+05:30  INFO 9552 --- [deltatrading] [           main] o.h.c.internal.RegionFactoryInitiator    : HHH000026: Second-level cache disabled
2026-01-20T17:03:54.349+05:30  INFO 9552 --- [deltatrading] [           main] o.s.o.j.p.SpringPersistenceUnitInfo      : No LoadTimeWeaver setup: ignoring JPA class transformer
2026-01-20T17:03:54.391+05:30  INFO 9552 --- [deltatrading] [           main] com.zaxxer.hikari.HikariDataSource       : HikariPool-1 - Starting...
2026-01-20T17:03:54.664+05:30  INFO 9552 --- [deltatrading] [           main] com.zaxxer.hikari.pool.HikariPool        : HikariPool-1 - Added connection org.postgresql.jdbc.PgConnection@3982206a
2026-01-20T17:03:54.665+05:30  INFO 9552 --- [deltatrading] [           main] com.zaxxer.hikari.HikariDataSource       : HikariPool-1 - Start completed.
2026-01-20T17:03:54.741+05:30  WARN 9552 --- [deltatrading] [           main] org.hibernate.orm.deprecation            : HHH90000025: PostgreSQLDialect does not need to be specified explicitly using 'hibernate.dialect' (remove the property setting and it will be selected by default)
2026-01-20T17:03:54.760+05:30  INFO 9552 --- [deltatrading] [           main] org.hibernate.orm.connections.pooling    : HHH10001005: Database info:
	Database JDBC URL [Connecting through datasource 'HikariDataSource (HikariPool-1)']
	Database driver: undefined/unknown
	Database version: 18.1
	Autocommit mode: undefined/unknown
	Isolation level: undefined/unknown
	Minimum pool size: undefined/unknown
	Maximum pool size: undefined/unknown
2026-01-20T17:03:55.798+05:30  INFO 9552 --- [deltatrading] [           main] o.h.e.t.j.p.i.JtaPlatformInitiator       : HHH000489: No JTA platform available (set 'hibernate.transaction.jta.platform' to enable JTA platform integration)
Hibernate: set client_min_messages = WARNING
Hibernate: alter table if exists public.notifications drop constraint if exists FK9y21adhxn0ayjhfocscqox7bh
Hibernate: alter table if exists public.orders drop constraint if exists FK32ql8ubntj5uh44ph9659tiih
Hibernate: alter table if exists public.portfolios drop constraint if exists FK9xt36kgm9cxsf79r2me0d9f6u
Hibernate: alter table if exists public.transactions drop constraint if exists FKqwv7rmvc8va8rep7piikrojds
Hibernate: alter table if exists public.user_achievements drop constraint if exists FK8ipvec6cs8t3g8515thtlsxuf
Hibernate: alter table if exists public.user_achievements drop constraint if exists FK6vt5fpu0uta41vny1x6vpk45k
Hibernate: alter table if exists public.weekly_snapshots drop constraint if exists FKdi5evri8pyf5c6bqmgfajotpw
Hibernate: drop table if exists public.achievements cascade
Hibernate: drop table if exists public.notifications cascade
Hibernate: drop table if exists public.orders cascade
Hibernate: drop table if exists public.portfolios cascade
Hibernate: drop table if exists public.transactions cascade
Hibernate: drop table if exists public.user_achievements cascade
Hibernate: drop table if exists public.users cascade
Hibernate: drop table if exists public.weekly_snapshots cascade
Hibernate: create table public.achievements (criteria_value bigint not null, id bigint generated by default as identity, badge_url varchar(255) not null, criteria_type varchar(255) not null, description varchar(255) not null, name varchar(255) not null unique, primary key (id))
Hibernate: create table public.notifications (is_read boolean not null, created_at timestamp(6) not null, id bigint generated by default as identity, user_id bigint not null, message varchar(255) not null, primary key (id))
Hibernate: create table public.orders (execution_price numeric(19,2), price numeric(19,2) not null, realized_pnl numeric(19,2), stop_loss numeric(19,2), target_price numeric(19,2), created_at timestamp(6) not null, execution_time timestamp(6), id bigint generated by default as identity, quantity bigint not null, user_id bigint not null, status varchar(255) not null, symbol varchar(255) not null, type varchar(255) not null, primary key (id))
Hibernate: create table public.portfolios (average_price numeric(19,2) not null, id bigint generated by default as identity, quantity bigint not null, user_id bigint not null, symbol varchar(255) not null, primary key (id), unique (user_id, symbol))
Hibernate: create table public.transactions (amount numeric(19,2) not null, created_at timestamp(6) not null, id bigint generated by default as identity, user_id bigint not null, type varchar(255) not null, primary key (id))
Hibernate: create table public.user_achievements (achievement_id bigint not null, id bigint generated by default as identity, unlocked_at timestamp(6), user_id bigint not null, primary key (id), unique (user_id, achievement_id))
Hibernate: create table public.users (balance numeric(19,2) not null, level integer not null, created_at timestamp(6) not null, id bigint generated by default as identity, xp bigint not null, bio varchar(500), email varchar(255) unique, full_name varchar(255), password varchar(255) not null, phone varchar(255), pin varchar(255), profile_picture_url varchar(255), username varchar(255) not null unique, primary key (id))
Hibernate: create table public.weekly_snapshots (start_net_worth numeric(19,2) not null, id bigint generated by default as identity, user_id bigint not null, week_start_date timestamp(6) not null, primary key (id), unique (user_id, week_start_date))
Hibernate: alter table if exists public.notifications add constraint FK9y21adhxn0ayjhfocscqox7bh foreign key (user_id) references public.users
Hibernate: alter table if exists public.orders add constraint FK32ql8ubntj5uh44ph9659tiih foreign key (user_id) references public.users
Hibernate: alter table if exists public.portfolios add constraint FK9xt36kgm9cxsf79r2me0d9f6u foreign key (user_id) references public.users
Hibernate: alter table if exists public.transactions add constraint FKqwv7rmvc8va8rep7piikrojds foreign key (user_id) references public.users
Hibernate: alter table if exists public.user_achievements add constraint FK8ipvec6cs8t3g8515thtlsxuf foreign key (achievement_id) references public.achievements
Hibernate: alter table if exists public.user_achievements add constraint FK6vt5fpu0uta41vny1x6vpk45k foreign key (user_id) references public.users
Hibernate: alter table if exists public.weekly_snapshots add constraint FKdi5evri8pyf5c6bqmgfajotpw foreign key (user_id) references public.users
2026-01-20T17:03:56.176+05:30  INFO 9552 --- [deltatrading] [           main] j.LocalContainerEntityManagerFactoryBean : Initialized JPA EntityManagerFactory for persistence unit 'default'
2026-01-20T17:03:56.507+05:30  WARN 9552 --- [deltatrading] [           main] ConfigServletWebServerApplicationContext : Exception encountered during context initialization - cancelling refresh attempt: org.springframework.beans.factory.BeanCreationException: Error creating bean with name 'finnhubConfig': Injection of autowired dependencies failed
2026-01-20T17:03:56.507+05:30  INFO 9552 --- [deltatrading] [           main] j.LocalContainerEntityManagerFactoryBean : Closing JPA EntityManagerFactory for persistence unit 'default'
2026-01-20T17:03:56.509+05:30  INFO 9552 --- [deltatrading] [           main] com.zaxxer.hikari.HikariDataSource       : HikariPool-1 - Shutdown initiated...
2026-01-20T17:03:56.513+05:30  INFO 9552 --- [deltatrading] [           main] com.zaxxer.hikari.HikariDataSource       : HikariPool-1 - Shutdown completed.
2026-01-20T17:03:56.518+05:30  INFO 9552 --- [deltatrading] [           main] o.apache.catalina.core.StandardService   : Stopping service [Tomcat]
2026-01-20T17:03:56.532+05:30  INFO 9552 --- [deltatrading] [           main] .s.b.a.l.ConditionEvaluationReportLogger : 

Error starting ApplicationContext. To display the condition evaluation report re-run your application with 'debug' enabled.
2026-01-20T17:03:56.551+05:30 ERROR 9552 --- [deltatrading] [           main] o.s.boot.SpringApplication               : Application run failed

org.springframework.beans.factory.BeanCreationException: Error creating bean with name 'finnhubConfig': Injection of autowired dependencies failed
	at org.springframework.beans.factory.annotation.AutowiredAnnotationBeanPostProcessor.postProcessProperties(AutowiredAnnotationBeanPostProcessor.java:515) ~[spring-beans-6.2.15.jar:6.2.15]
	at org.springframework.beans.factory.support.AbstractAutowireCapableBeanFactory.populateBean(AbstractAutowireCapableBeanFactory.java:1459) ~[spring-beans-6.2.15.jar:6.2.15]
	at org.springframework.beans.factory.support.AbstractAutowireCapableBeanFactory.doCreateBean(AbstractAutowireCapableBeanFactory.java:606) ~[spring-beans-6.2.15.jar:6.2.15]
	at org.springframework.beans.factory.support.AbstractAutowireCapableBeanFactory.createBean(AbstractAutowireCapableBeanFactory.java:529) ~[spring-beans-6.2.15.jar:6.2.15]
	at org.springframework.beans.factory.support.AbstractBeanFactory.lambda$doGetBean$0(AbstractBeanFactory.java:339) ~[spring-beans-6.2.15.jar:6.2.15]
	at org.springframework.beans.factory.support.DefaultSingletonBeanRegistry.getSingleton(DefaultSingletonBeanRegistry.java:373) ~[spring-beans-6.2.15.jar:6.2.15]
	at org.springframework.beans.factory.support.AbstractBeanFactory.doGetBean(AbstractBeanFactory.java:337) ~[spring-beans-6.2.15.jar:6.2.15]
	at org.springframework.beans.factory.support.AbstractBeanFactory.getBean(AbstractBeanFactory.java:202) ~[spring-beans-6.2.15.jar:6.2.15]
	at org.springframework.beans.factory.support.DefaultListableBeanFactory.instantiateSingleton(DefaultListableBeanFactory.java:1228) ~[spring-beans-6.2.15.jar:6.2.15]
	at org.springframework.beans.factory.support.DefaultListableBeanFactory.preInstantiateSingleton(DefaultListableBeanFactory.java:1194) ~[spring-beans-6.2.15.jar:6.2.15]
	at org.springframework.beans.factory.support.DefaultListableBeanFactory.preInstantiateSingletons(DefaultListableBeanFactory.java:1130) ~[spring-beans-6.2.15.jar:6.2.15]
	at org.springframework.context.support.AbstractApplicationContext.finishBeanFactoryInitialization(AbstractApplicationContext.java:990) ~[spring-context-6.2.15.jar:6.2.15]
	at org.springframework.context.support.AbstractApplicationContext.refresh(AbstractApplicationContext.java:627) ~[spring-context-6.2.15.jar:6.2.15]
	at org.springframework.boot.web.servlet.context.ServletWebServerApplicationContext.refresh(ServletWebServerApplicationContext.java:146) ~[spring-boot-3.5.9.jar:3.5.9]
	at org.springframework.boot.SpringApplication.refresh(SpringApplication.java:752) ~[spring-boot-3.5.9.jar:3.5.9]
	at org.springframework.boot.SpringApplication.refreshContext(SpringApplication.java:439) ~[spring-boot-3.5.9.jar:3.5.9]
	at org.springframework.boot.SpringApplication.run(SpringApplication.java:318) ~[spring-boot-3.5.9.jar:3.5.9]
	at org.springframework.boot.SpringApplication.run(SpringApplication.java:1361) ~[spring-boot-3.5.9.jar:3.5.9]
	at org.springframework.boot.SpringApplication.run(SpringApplication.java:1350) ~[spring-boot-3.5.9.jar:3.5.9]
	at com.dipanjan.deltatrading.DeltatradingApplication.main(DeltatradingApplication.java:12) ~[classes/:na]
Caused by: org.springframework.util.PlaceholderResolutionException: Could not resolve placeholder 'finnhub.api.key' in value "${finnhub.api.key}"
	at org.springframework.util.PlaceholderResolutionException.withValue(PlaceholderResolutionException.java:81) ~[spring-core-6.2.15.jar:6.2.15]
	at org.springframework.util.PlaceholderParser$ParsedValue.resolve(PlaceholderParser.java:298) ~[spring-core-6.2.15.jar:6.2.15]
	at org.springframework.util.PlaceholderParser.replacePlaceholders(PlaceholderParser.java:131) ~[spring-core-6.2.15.jar:6.2.15]
	at org.springframework.util.PropertyPlaceholderHelper.replacePlaceholders(PropertyPlaceholderHelper.java:114) ~[spring-core-6.2.15.jar:6.2.15]
	at org.springframework.core.env.AbstractPropertyResolver.doResolvePlaceholders(AbstractPropertyResolver.java:293) ~[spring-core-6.2.15.jar:6.2.15]
	at org.springframework.core.env.AbstractPropertyResolver.resolveRequiredPlaceholders(AbstractPropertyResolver.java:264) ~[spring-core-6.2.15.jar:6.2.15]
	at org.springframework.context.support.PropertySourcesPlaceholderConfigurer.lambda$processProperties$0(PropertySourcesPlaceholderConfigurer.java:186) ~[spring-context-6.2.15.jar:6.2.15]
	at org.springframework.beans.factory.support.AbstractBeanFactory.resolveEmbeddedValue(AbstractBeanFactory.java:970) ~[spring-beans-6.2.15.jar:6.2.15]
	at org.springframework.beans.factory.support.DefaultListableBeanFactory.doResolveDependency(DefaultListableBeanFactory.java:1675) ~[spring-beans-6.2.15.jar:6.2.15]
	at org.springframework.beans.factory.support.DefaultListableBeanFactory.resolveDependency(DefaultListableBeanFactory.java:1653) ~[spring-beans-6.2.15.jar:6.2.15]
	at org.springframework.beans.factory.annotation.AutowiredAnnotationBeanPostProcessor$AutowiredFieldElement.resolveFieldValue(AutowiredAnnotationBeanPostProcessor.java:784) ~[spring-beans-6.2.15.jar:6.2.15]
	at org.springframework.beans.factory.annotation.AutowiredAnnotationBeanPostProcessor$AutowiredFieldElement.inject(AutowiredAnnotationBeanPostProcessor.java:767) ~[spring-beans-6.2.15.jar:6.2.15]
	at org.springframework.beans.factory.annotation.InjectionMetadata.inject(InjectionMetadata.java:146) ~[spring-beans-6.2.15.jar:6.2.15]
	at org.springframework.beans.factory.annotation.AutowiredAnnotationBeanPostProcessor.postProcessProperties(AutowiredAnnotationBeanPostProcessor.java:509) ~[spring-beans-6.2.15.jar:6.2.15]
	... 19 common frames omitted

[INFO] ------------------------------------------------------------------------
[INFO] BUILD FAILURE
[INFO] ------------------------------------------------------------------------
[INFO] Total time:  9.601 s
[INFO] Finished at: 2026-01-20T17:03:56+05:30
[INFO] ------------------------------------------------------------------------
[ERROR] Failed to execute goal org.springframework.boot:spring-boot-maven-plugin:3.5.9:run (default-cli) on project deltatrading: Process terminated with exit code: 1 -> [Help 1]
[ERROR] 
[ERROR] To see the full stack trace of the errors, re-run Maven with the -e switch.
[ERROR] Re-run Maven using the -X switch to enable full debug logging.
[ERROR] 
[ERROR] For more information about the errors and possible solutions, please read the following articles:
[ERROR] [Help 1] http://cwiki.apache.org/confluence/display/MAVEN/MojoExecutionException
