[INFO] Scanning for projects...
[INFO] 
[INFO] ---------------------< com.dipanjan:deltatrading >----------------------
[INFO] Building deltatrading 0.0.1-SNAPSHOT
[INFO]   from pom.xml
[INFO] --------------------------------[ jar ]---------------------------------
[INFO] 
[INFO] --- clean:3.3.2:clean (default-clean) @ deltatrading ---
[INFO] Deleting D:\deltatrading\target
[INFO] 
[INFO] >>> spring-boot:3.3.6:run (default-cli) > test-compile @ deltatrading >>>
[INFO] 
[INFO] --- resources:3.3.1:resources (default-resources) @ deltatrading ---
[INFO] Copying 1 resource from src\main\resources to target\classes
[INFO] Copying 0 resource from src\main\resources to target\classes
[INFO] 
[INFO] --- compiler:3.13.0:compile (default-compile) @ deltatrading ---
[INFO] Recompiling the module because of changed source code.
[INFO] Compiling 22 source files with javac [debug parameters release 17] to target\classes
[INFO] /D:/deltatrading/src/main/java/com/dipanjan/deltatrading/service/TradeService.java: Some input files use or override a deprecated API.
[INFO] /D:/deltatrading/src/main/java/com/dipanjan/deltatrading/service/TradeService.java: Recompile with -Xlint:deprecation for details.
[INFO] 
[INFO] --- resources:3.3.1:testResources (default-testResources) @ deltatrading ---
[INFO] skip non existing resourceDirectory D:\deltatrading\src\test\resources
[INFO] 
[INFO] --- compiler:3.13.0:testCompile (default-testCompile) @ deltatrading ---
[INFO] Recompiling the module because of changed dependency.
[INFO] Compiling 1 source file with javac [debug parameters release 17] to target\test-classes
[INFO] 
[INFO] <<< spring-boot:3.3.6:run (default-cli) < test-compile @ deltatrading <<<
[INFO] 
[INFO] 
[INFO] --- spring-boot:3.3.6:run (default-cli) @ deltatrading ---
[INFO] Attaching agents: []

  .   ____          _            __ _ _
 /\\ / ___'_ __ _ _(_)_ __  __ _ \ \ \ \
( ( )\___ | '_ | '_| | '_ \/ _` | \ \ \ \
 \\/  ___)| |_)| | | | | || (_| |  ) ) ) )
  '  |____| .__|_| |_|_| |_\__, | / / / /
 =========|_|==============|___/=/_/_/_/

 :: Spring Boot ::                (v3.3.6)

2026-01-12T12:01:44.635+05:30  INFO 19688 --- [deltatrading] [           main] c.d.d.DeltatradingApplication            : Starting DeltatradingApplication using Java 17.0.12 with PID 19688 (D:\deltatrading\target\classes started by dipan in D:\deltatrading)
2026-01-12T12:01:44.638+05:30  INFO 19688 --- [deltatrading] [           main] c.d.d.DeltatradingApplication            : No active profile set, falling back to 1 default profile: "default"
2026-01-12T12:01:45.386+05:30  INFO 19688 --- [deltatrading] [           main] .s.d.r.c.RepositoryConfigurationDelegate : Bootstrapping Spring Data JPA repositories in DEFAULT mode.
2026-01-12T12:01:45.453+05:30  INFO 19688 --- [deltatrading] [           main] .s.d.r.c.RepositoryConfigurationDelegate : Finished Spring Data repository scanning in 58 ms. Found 3 JPA repository interfaces.
2026-01-12T12:01:46.022+05:30  INFO 19688 --- [deltatrading] [           main] o.s.b.w.embedded.tomcat.TomcatWebServer  : Tomcat initialized with port 8080 (http)
2026-01-12T12:01:46.041+05:30  INFO 19688 --- [deltatrading] [           main] o.apache.catalina.core.StandardService   : Starting service [Tomcat]
2026-01-12T12:01:46.041+05:30  INFO 19688 --- [deltatrading] [           main] o.apache.catalina.core.StandardEngine    : Starting Servlet engine: [Apache Tomcat/10.1.33]
2026-01-12T12:01:46.102+05:30  INFO 19688 --- [deltatrading] [           main] o.a.c.c.C.[Tomcat].[localhost].[/]       : Initializing Spring embedded WebApplicationContext
2026-01-12T12:01:46.103+05:30  INFO 19688 --- [deltatrading] [           main] w.s.c.ServletWebServerApplicationContext : Root WebApplicationContext: initialization completed in 1412 ms
2026-01-12T12:01:46.257+05:30  INFO 19688 --- [deltatrading] [           main] o.hibernate.jpa.internal.util.LogHelper  : HHH000204: Processing PersistenceUnitInfo [name: default]
2026-01-12T12:01:46.297+05:30  INFO 19688 --- [deltatrading] [           main] org.hibernate.Version                    : HHH000412: Hibernate ORM core version 6.5.3.Final
2026-01-12T12:01:46.327+05:30  INFO 19688 --- [deltatrading] [           main] o.h.c.internal.RegionFactoryInitiator    : HHH000026: Second-level cache disabled
2026-01-12T12:01:46.567+05:30  INFO 19688 --- [deltatrading] [           main] o.s.o.j.p.SpringPersistenceUnitInfo      : No LoadTimeWeaver setup: ignoring JPA class transformer
2026-01-12T12:01:46.591+05:30  INFO 19688 --- [deltatrading] [           main] com.zaxxer.hikari.HikariDataSource       : HikariPool-1 - Starting...
2026-01-12T12:01:46.782+05:30  INFO 19688 --- [deltatrading] [           main] com.zaxxer.hikari.pool.HikariPool        : HikariPool-1 - Added connection org.postgresql.jdbc.PgConnection@15586843
2026-01-12T12:01:46.784+05:30  INFO 19688 --- [deltatrading] [           main] com.zaxxer.hikari.HikariDataSource       : HikariPool-1 - Start completed.
2026-01-12T12:01:46.816+05:30  WARN 19688 --- [deltatrading] [           main] org.hibernate.orm.deprecation            : HHH90000025: PostgreSQLDialect does not need to be specified explicitly using 'hibernate.dialect' (remove the property setting and it will be selected by default)
2026-01-12T12:01:47.666+05:30  INFO 19688 --- [deltatrading] [           main] o.h.e.t.j.p.i.JtaPlatformInitiator       : HHH000489: No JTA platform available (set 'hibernate.transaction.jta.platform' to enable JTA platform integration)
Hibernate: drop table if exists public.orders cascade
Hibernate: drop table if exists public.portfolios cascade
Hibernate: drop table if exists public.users cascade
Hibernate: create table public.orders (price numeric(19,2) not null, quantity numeric(19,4) not null, created_at timestamp(6) not null, id bigint generated by default as identity, symbol varchar(255) not null, type varchar(255) not null, username varchar(255), primary key (id))
Hibernate: create table public.portfolios (average_price numeric(19,2) not null, quantity numeric(19,4) not null, id bigint generated by default as identity, symbol varchar(255) not null, username varchar(255) not null, primary key (id), unique (username, symbol))
Hibernate: create table public.users (balance numeric(19,2) not null, id bigint generated by default as identity, password varchar(255) not null, username varchar(255) not null unique, primary key (id))
2026-01-12T12:01:47.741+05:30  INFO 19688 --- [deltatrading] [           main] j.LocalContainerEntityManagerFactoryBean : Initialized JPA EntityManagerFactory for persistence unit 'default'
2026-01-12T12:01:48.060+05:30  WARN 19688 --- [deltatrading] [           main] JpaBaseConfiguration$JpaWebConfiguration : spring.jpa.open-in-view is enabled by default. Therefore, database queries may be performed during view rendering. Explicitly configure spring.jpa.open-in-view to disable this warning
2026-01-12T12:01:48.092+05:30  WARN 19688 --- [deltatrading] [           main] .s.s.UserDetailsServiceAutoConfiguration : 

Using generated security password: 4201ae3d-0104-4e16-b85f-5ba3f275b6cc

This generated password is for development use only. Your security configuration must be updated before running your application in production.

2026-01-12T12:01:48.098+05:30  INFO 19688 --- [deltatrading] [           main] r$InitializeUserDetailsManagerConfigurer : Global AuthenticationManager configured with UserDetailsService bean with name inMemoryUserDetailsManager
2026-01-12T12:01:48.473+05:30  WARN 19688 --- [deltatrading] [           main] ConfigServletWebServerApplicationContext : Exception encountered during context initialization - cancelling refresh attempt: org.springframework.context.ApplicationContextException: Failed to start bean 'webServerStartStop'
2026-01-12T12:01:48.475+05:30  INFO 19688 --- [deltatrading] [           main] j.LocalContainerEntityManagerFactoryBean : Closing JPA EntityManagerFactory for persistence unit 'default'
2026-01-12T12:01:48.477+05:30  INFO 19688 --- [deltatrading] [           main] com.zaxxer.hikari.HikariDataSource       : HikariPool-1 - Shutdown initiated...
2026-01-12T12:01:48.479+05:30  INFO 19688 --- [deltatrading] [           main] com.zaxxer.hikari.HikariDataSource       : HikariPool-1 - Shutdown completed.
2026-01-12T12:01:48.499+05:30  INFO 19688 --- [deltatrading] [           main] .s.b.a.l.ConditionEvaluationReportLogger : 

Error starting ApplicationContext. To display the condition evaluation report re-run your application with 'debug' enabled.
2026-01-12T12:01:48.513+05:30 ERROR 19688 --- [deltatrading] [           main] o.s.b.d.LoggingFailureAnalysisReporter   : 

***************************
APPLICATION FAILED TO START
***************************

Description:

Web server failed to start. Port 8080 was already in use.

Action:

Identify and stop the process that's listening on port 8080 or configure this application to listen on another port.

[INFO] ------------------------------------------------------------------------
[INFO] BUILD FAILURE
[INFO] ------------------------------------------------------------------------
[INFO] Total time:  10.692 s
[INFO] Finished at: 2026-01-12T12:01:48+05:30
[INFO] ------------------------------------------------------------------------
[ERROR] Failed to execute goal org.springframework.boot:spring-boot-maven-plugin:3.3.6:run (default-cli) on project deltatrading: Process terminated with exit code: 1 -> [Help 1]
[ERROR] 
[ERROR] To see the full stack trace of the errors, re-run Maven with the -e switch.
[ERROR] Re-run Maven using the -X switch to enable full debug logging.
[ERROR] 
[ERROR] For more information about the errors and possible solutions, please read the following articles:
[ERROR] [Help 1] http://cwiki.apache.org/confluence/display/MAVEN/MojoExecutionException
