[INFO] Scanning for projects...
[INFO] 
[INFO] ---------------------< com.dipanjan:deltatrading >----------------------
[INFO] Building deltatrading 0.0.1-SNAPSHOT
[INFO]   from pom.xml
[INFO] --------------------------------[ jar ]---------------------------------
[INFO] 
[INFO] >>> spring-boot:3.5.9:run (default-cli) > test-compile @ deltatrading >>>
[INFO] 
[INFO] --- resources:3.3.1:resources (default-resources) @ deltatrading ---
[INFO] Copying 1 resource from src\main\resources to target\classes
[INFO] Copying 0 resource from src\main\resources to target\classes
[INFO] 
[INFO] --- compiler:3.14.1:compile (default-compile) @ deltatrading ---
[INFO] Nothing to compile - all classes are up to date.
[INFO] 
[INFO] --- resources:3.3.1:testResources (default-testResources) @ deltatrading ---
[INFO] skip non existing resourceDirectory D:\deltatrading\src\test\resources
[INFO] 
[INFO] --- compiler:3.14.1:testCompile (default-testCompile) @ deltatrading ---
[INFO] Nothing to compile - all classes are up to date.
[INFO] 
[INFO] <<< spring-boot:3.5.9:run (default-cli) < test-compile @ deltatrading <<<
[INFO] 
[INFO] 
[INFO] --- spring-boot:3.5.9:run (default-cli) @ deltatrading ---
[INFO] Attaching agents: []

  .   ____          _            __ _ _
 /\\ / ___'_ __ _ _(_)_ __  __ _ \ \ \ \
( ( )\___ | '_ | '_| | '_ \/ _` | \ \ \ \
 \\/  ___)| |_)| | | | | || (_| |  ) ) ) )
  '  |____| .__|_| |_|_| |_\__, | / / / /
 =========|_|==============|___/=/_/_/_/

 :: Spring Boot ::                (v3.5.9)

2026-01-20T16:50:40.082+05:30  INFO 12704 --- [deltatrading] [           main] c.d.d.DeltatradingApplication            : Starting DeltatradingApplication using Java 17.0.12 with PID 12704 (D:\deltatrading\target\classes started by dipan in D:\deltatrading)
2026-01-20T16:50:40.084+05:30  INFO 12704 --- [deltatrading] [           main] c.d.d.DeltatradingApplication            : No active profile set, falling back to 1 default profile: "default"
2026-01-20T16:50:40.656+05:30  INFO 12704 --- [deltatrading] [           main] .s.d.r.c.RepositoryConfigurationDelegate : Bootstrapping Spring Data JPA repositories in DEFAULT mode.
2026-01-20T16:50:40.711+05:30  INFO 12704 --- [deltatrading] [           main] .s.d.r.c.RepositoryConfigurationDelegate : Finished Spring Data repository scanning in 48 ms. Found 8 JPA repository interfaces.
2026-01-20T16:50:41.413+05:30  INFO 12704 --- [deltatrading] [           main] o.s.b.w.embedded.tomcat.TomcatWebServer  : Tomcat initialized with port 8081 (http)
2026-01-20T16:50:41.427+05:30  INFO 12704 --- [deltatrading] [           main] o.apache.catalina.core.StandardService   : Starting service [Tomcat]
2026-01-20T16:50:41.427+05:30  INFO 12704 --- [deltatrading] [           main] o.apache.catalina.core.StandardEngine    : Starting Servlet engine: [Apache Tomcat/10.1.50]
2026-01-20T16:50:41.485+05:30  INFO 12704 --- [deltatrading] [           main] o.a.c.c.C.[Tomcat].[localhost].[/]       : Initializing Spring embedded WebApplicationContext
2026-01-20T16:50:41.485+05:30  INFO 12704 --- [deltatrading] [           main] w.s.c.ServletWebServerApplicationContext : Root WebApplicationContext: initialization completed in 1358 ms
2026-01-20T16:50:41.612+05:30  INFO 12704 --- [deltatrading] [           main] o.hibernate.jpa.internal.util.LogHelper  : HHH000204: Processing PersistenceUnitInfo [name: default]
2026-01-20T16:50:41.659+05:30  INFO 12704 --- [deltatrading] [           main] org.hibernate.Version                    : HHH000412: Hibernate ORM core version 6.6.39.Final
2026-01-20T16:50:41.687+05:30  INFO 12704 --- [deltatrading] [           main] o.h.c.internal.RegionFactoryInitiator    : HHH000026: Second-level cache disabled
2026-01-20T16:50:41.961+05:30  INFO 12704 --- [deltatrading] [           main] o.s.o.j.p.SpringPersistenceUnitInfo      : No LoadTimeWeaver setup: ignoring JPA class transformer
2026-01-20T16:50:41.982+05:30  INFO 12704 --- [deltatrading] [           main] com.zaxxer.hikari.HikariDataSource       : HikariPool-1 - Starting...
2026-01-20T16:50:42.136+05:30  INFO 12704 --- [deltatrading] [           main] com.zaxxer.hikari.pool.HikariPool        : HikariPool-1 - Added connection org.postgresql.jdbc.PgConnection@419f0ea
2026-01-20T16:50:42.136+05:30  INFO 12704 --- [deltatrading] [           main] com.zaxxer.hikari.HikariDataSource       : HikariPool-1 - Start completed.
2026-01-20T16:50:42.194+05:30  WARN 12704 --- [deltatrading] [           main] org.hibernate.orm.deprecation            : HHH90000025: PostgreSQLDialect does not need to be specified explicitly using 'hibernate.dialect' (remove the property setting and it will be selected by default)
2026-01-20T16:50:42.222+05:30  INFO 12704 --- [deltatrading] [           main] org.hibernate.orm.connections.pooling    : HHH10001005: Database info:
	Database JDBC URL [Connecting through datasource 'HikariDataSource (HikariPool-1)']
	Database driver: undefined/unknown
	Database version: 18.1
	Autocommit mode: undefined/unknown
	Isolation level: undefined/unknown
	Minimum pool size: undefined/unknown
	Maximum pool size: undefined/unknown
2026-01-20T16:50:42.989+05:30  INFO 12704 --- [deltatrading] [           main] o.h.e.t.j.p.i.JtaPlatformInitiator       : HHH000489: No JTA platform available (set 'hibernate.transaction.jta.platform' to enable JTA platform integration)
Hibernate: set client_min_messages = WARNING
Hibernate: alter table if exists public.notifications drop constraint if exists FK9y21adhxn0ayjhfocscqox7bh
Hibernate: alter table if exists public.orders drop constraint if exists FK32ql8ubntj5uh44ph9659tiih
Hibernate: alter table if exists public.portfolios drop constraint if exists FK9xt36kgm9cxsf79r2me0d9f6u
Hibernate: alter table if exists public.transactions drop constraint if exists FKqwv7rmvc8va8rep7piikrojds
Hibernate: alter table if exists public.user_achievements drop constraint if exists FK8ipvec6cs8t3g8515thtlsxuf
Hibernate: alter table if exists public.user_achievements drop constraint if exists FK6vt5fpu0uta41vny1x6vpk45k
Hibernate: alter table if exists public.weekly_snapshots drop constraint if exists FKdi5evri8pyf5c6bqmgfajotpw
Hibernate: drop table if exists public.achievements cascade
Hibernate: drop table if exists public.notifications cascade
Hibernate: drop table if exists public.orders cascade
Hibernate: drop table if exists public.portfolios cascade
Hibernate: drop table if exists public.transactions cascade
Hibernate: drop table if exists public.user_achievements cascade
Hibernate: drop table if exists public.users cascade
Hibernate: drop table if exists public.weekly_snapshots cascade
Hibernate: create table public.achievements (criteria_value bigint not null, id bigint generated by default as identity, badge_url varchar(255) not null, criteria_type varchar(255) not null, description varchar(255) not null, name varchar(255) not null unique, primary key (id))
Hibernate: create table public.notifications (is_read boolean not null, created_at timestamp(6) not null, id bigint generated by default as identity, user_id bigint not null, message varchar(255) not null, primary key (id))
Hibernate: create table public.orders (execution_price numeric(19,2), price numeric(19,2) not null, realized_pnl numeric(19,2), stop_loss numeric(19,2), target_price numeric(19,2), created_at timestamp(6) not null, execution_time timestamp(6), id bigint generated by default as identity, quantity bigint not null, user_id bigint not null, status varchar(255) not null, symbol varchar(255) not null, type varchar(255) not null, primary key (id))
Hibernate: create table public.portfolios (average_price numeric(19,2) not null, id bigint generated by default as identity, quantity bigint not null, user_id bigint not null, symbol varchar(255) not null, primary key (id), unique (user_id, symbol))
Hibernate: create table public.transactions (amount numeric(19,2) not null, created_at timestamp(6) not null, id bigint generated by default as identity, user_id bigint not null, type varchar(255) not null, primary key (id))
Hibernate: create table public.user_achievements (achievement_id bigint not null, id bigint generated by default as identity, unlocked_at timestamp(6), user_id bigint not null, primary key (id), unique (user_id, achievement_id))
Hibernate: create table public.users (balance numeric(19,2) not null, level integer not null, created_at timestamp(6) not null, id bigint generated by default as identity, xp bigint not null, bio varchar(500), email varchar(255) unique, full_name varchar(255), password varchar(255) not null, phone varchar(255), pin varchar(255), profile_picture_url varchar(255), username varchar(255) not null unique, primary key (id))
Hibernate: create table public.weekly_snapshots (start_net_worth numeric(19,2) not null, id bigint generated by default as identity, user_id bigint not null, week_start_date timestamp(6) not null, primary key (id), unique (user_id, week_start_date))
Hibernate: alter table if exists public.notifications add constraint FK9y21adhxn0ayjhfocscqox7bh foreign key (user_id) references public.users
Hibernate: alter table if exists public.orders add constraint FK32ql8ubntj5uh44ph9659tiih foreign key (user_id) references public.users
Hibernate: alter table if exists public.portfolios add constraint FK9xt36kgm9cxsf79r2me0d9f6u foreign key (user_id) references public.users
Hibernate: alter table if exists public.transactions add constraint FKqwv7rmvc8va8rep7piikrojds foreign key (user_id) references public.users
Hibernate: alter table if exists public.user_achievements add constraint FK8ipvec6cs8t3g8515thtlsxuf foreign key (achievement_id) references public.achievements
Hibernate: alter table if exists public.user_achievements add constraint FK6vt5fpu0uta41vny1x6vpk45k foreign key (user_id) references public.users
Hibernate: alter table if exists public.weekly_snapshots add constraint FKdi5evri8pyf5c6bqmgfajotpw foreign key (user_id) references public.users
2026-01-20T16:50:43.229+05:30  INFO 12704 --- [deltatrading] [           main] j.LocalContainerEntityManagerFactoryBean : Initialized JPA EntityManagerFactory for persistence unit 'default'
2026-01-20T16:50:43.634+05:30  WARN 12704 --- [deltatrading] [           main] JpaBaseConfiguration$JpaWebConfiguration : spring.jpa.open-in-view is enabled by default. Therefore, database queries may be performed during view rendering. Explicitly configure spring.jpa.open-in-view to disable this warning
2026-01-20T16:50:44.141+05:30  WARN 12704 --- [deltatrading] [           main] ConfigServletWebServerApplicationContext : Exception encountered during context initialization - cancelling refresh attempt: org.springframework.context.ApplicationContextException: Failed to start bean 'webServerStartStop'
2026-01-20T16:50:44.143+05:30  INFO 12704 --- [deltatrading] [           main] j.LocalContainerEntityManagerFactoryBean : Closing JPA EntityManagerFactory for persistence unit 'default'
2026-01-20T16:50:44.144+05:30  INFO 12704 --- [deltatrading] [           main] com.zaxxer.hikari.HikariDataSource       : HikariPool-1 - Shutdown initiated...
2026-01-20T16:50:44.146+05:30  INFO 12704 --- [deltatrading] [           main] com.zaxxer.hikari.HikariDataSource       : HikariPool-1 - Shutdown completed.
2026-01-20T16:50:44.156+05:30  INFO 12704 --- [deltatrading] [           main] .s.b.a.l.ConditionEvaluationReportLogger : 

Error starting ApplicationContext. To display the condition evaluation report re-run your application with 'debug' enabled.
2026-01-20T16:50:44.173+05:30 ERROR 12704 --- [deltatrading] [           main] o.s.b.d.LoggingFailureAnalysisReporter   : 

***************************
APPLICATION FAILED TO START
***************************

Description:

Web server failed to start. Port 8081 was already in use.

Action:

Identify and stop the process that's listening on port 8081 or configure this application to listen on another port.

[INFO] ------------------------------------------------------------------------
[INFO] BUILD FAILURE
[INFO] ------------------------------------------------------------------------
[INFO] Total time:  6.462 s
[INFO] Finished at: 2026-01-20T16:50:44+05:30
[INFO] ------------------------------------------------------------------------
[ERROR] Failed to execute goal org.springframework.boot:spring-boot-maven-plugin:3.5.9:run (default-cli) on project deltatrading: Process terminated with exit code: 1 -> [Help 1]
[ERROR] 
[ERROR] To see the full stack trace of the errors, re-run Maven with the -e switch.
[ERROR] Re-run Maven using the -X switch to enable full debug logging.
[ERROR] 
[ERROR] For more information about the errors and possible solutions, please read the following articles:
[ERROR] [Help 1] http://cwiki.apache.org/confluence/display/MAVEN/MojoExecutionException
